<?xml version="1.0" encoding="UTF-8"?>
<!-- Generated by org.testng.reporters.JUnitXMLReporter -->
<testsuite ignored="0" hostname="Shyam-PC" failures="1" tests="1" name="Adding Product to the Wishlist" time="2.551" errors="0" timestamp="2022-06-16T23:30:21 IST">
  <testcase classname="testcases.AddingWishlistTest" name="wishlistByCategories" time="2.524">
    <failure type="org.openqa.selenium.ElementClickInterceptedException" message="element click intercepted: Element &amp;lt;button type=&amp;quot;button&amp;quot; data-toggle=&amp;quot;tooltip&amp;quot; title=&amp;quot;&amp;quot; onclick=&amp;quot;wishlist.add(&amp;apos;40&amp;apos;);&amp;quot; data-original-title=&amp;quot;Add to Wish List&amp;quot;&amp;gt;...&amp;lt;/button&amp;gt; is not clickable at point (847, 372). Other element would receive the click: &amp;lt;div class=&amp;quot;alert alert-success alert-dismissible&amp;quot;&amp;gt;...&amp;lt;/div&amp;gt;
  (Session info: chrome=102.0.5005.115)
Build info: version: &amp;apos;4.2.2&amp;apos;, revision: &amp;apos;683ccb65d6&amp;apos;
System info: host: &amp;apos;Shyam-PC&amp;apos;, ip: &amp;apos;127.0.1.1&amp;apos;, os.name: &amp;apos;Linux&amp;apos;, os.arch: &amp;apos;amd64&amp;apos;, os.version: &amp;apos;5.15.0-37-generic&amp;apos;, java.version: &amp;apos;11.0.15&amp;apos;
Driver info: org.openqa.selenium.chrome.ChromeDriver
Command: [5f4d7a2d292275a0bd1bedc36d522549, clickElement {id=e8430027-186d-4202-b275-fdac6f90ede4}]
Capabilities {acceptInsecureCerts: false, browserName: chrome, browserVersion: 102.0.5005.115, chrome: {chromedriverVersion: 102.0.5005.61 (0e59bcc00cc4..., userDataDir: /tmp/.com.google.Chrome.cBReIK}, goog:chromeOptions: {debuggerAddress: localhost:38681}, networkConnectionEnabled: false, pageLoadStrategy: normal, platformName: LINUX, proxy: Proxy(), se:cdp: ws://localhost:38681/devtoo..., se:cdpVersion: 102.0.5005.115, setWindowRect: true, strictFileInteractability: false, timeouts: {implicit: 0, pageLoad: 300000, script: 30000}, unhandledPromptBehavior: dismiss and notify, webauthn:extension:credBlob: true, webauthn:extension:largeBlob: true, webauthn:virtualAuthenticators: true}
Element: [[ChromeDriver: chrome on LINUX (5f4d7a2d292275a0bd1bedc36d522549)] -&amp;gt; xpath: //a[contains(text(),&amp;apos;iPhone&amp;apos;)]/ancestor::div[@class=&amp;apos;product-thumb&amp;apos;]//button[@data-original-title=&amp;apos;Add to Wish List&amp;apos;]]
Session ID: 5f4d7a2d292275a0bd1bedc36d522549">
      <![CDATA[org.openqa.selenium.ElementClickInterceptedException: element click intercepted: Element <button type="button" data-toggle="tooltip" title="" onclick="wishlist.add('40');" data-original-title="Add to Wish List">...</button> is not clickable at point (847, 372). Other element would receive the click: <div class="alert alert-success alert-dismissible">...</div>
  (Session info: chrome=102.0.5005.115)
Build info: version: '4.2.2', revision: '683ccb65d6'
System info: host: 'Shyam-PC', ip: '127.0.1.1', os.name: 'Linux', os.arch: 'amd64', os.version: '5.15.0-37-generic', java.version: '11.0.15'
Driver info: org.openqa.selenium.chrome.ChromeDriver
Command: [5f4d7a2d292275a0bd1bedc36d522549, clickElement {id=e8430027-186d-4202-b275-fdac6f90ede4}]
Capabilities {acceptInsecureCerts: false, browserName: chrome, browserVersion: 102.0.5005.115, chrome: {chromedriverVersion: 102.0.5005.61 (0e59bcc00cc4..., userDataDir: /tmp/.com.google.Chrome.cBReIK}, goog:chromeOptions: {debuggerAddress: localhost:38681}, networkConnectionEnabled: false, pageLoadStrategy: normal, platformName: LINUX, proxy: Proxy(), se:cdp: ws://localhost:38681/devtoo..., se:cdpVersion: 102.0.5005.115, setWindowRect: true, strictFileInteractability: false, timeouts: {implicit: 0, pageLoad: 300000, script: 30000}, unhandledPromptBehavior: dismiss and notify, webauthn:extension:credBlob: true, webauthn:extension:largeBlob: true, webauthn:virtualAuthenticators: true}
Element: [[ChromeDriver: chrome on LINUX (5f4d7a2d292275a0bd1bedc36d522549)] -> xpath: //a[contains(text(),'iPhone')]/ancestor::div[@class='product-thumb']//button[@data-original-title='Add to Wish List']]
Session ID: 5f4d7a2d292275a0bd1bedc36d522549
at org.openqa.selenium.remote.codec.w3c.W3CHttpResponseCodec.createException(W3CHttpResponseCodec.java:200)
at org.openqa.selenium.remote.codec.w3c.W3CHttpResponseCodec.decode(W3CHttpResponseCodec.java:133)
at org.openqa.selenium.remote.codec.w3c.W3CHttpResponseCodec.decode(W3CHttpResponseCodec.java:53)
at org.openqa.selenium.remote.HttpCommandExecutor.execute(HttpCommandExecutor.java:184)
at org.openqa.selenium.remote.service.DriverCommandExecutor.invokeExecute(DriverCommandExecutor.java:167)
at org.openqa.selenium.remote.service.DriverCommandExecutor.execute(DriverCommandExecutor.java:142)
at org.openqa.selenium.remote.RemoteWebDriver.execute(RemoteWebDriver.java:588)
at org.openqa.selenium.remote.RemoteWebElement.execute(RemoteWebElement.java:257)
at org.openqa.selenium.remote.RemoteWebElement.click(RemoteWebElement.java:78)
at pageobjects.HomePage.wishlistProduct(HomePage.java:58)
at testcases.AddingWishlistTest.wishlistByCategories(AddingWishlistTest.java:19)
at java.base/java.util.ArrayList.forEach(ArrayList.java:1541)
... Removed 31 stack frames]]>
    </failure>
  </testcase> <!-- wishlistByCategories -->
</testsuite> <!-- Adding Product to the Wishlist -->
