<?xml version="1.0" encoding="UTF-8"?>
<testng-results ignored="0" total="3" passed="3" failed="0" skipped="0">
  <reporter-output>
  </reporter-output>
  <suite started-at="2022-06-17T14:20:58 IST" name="Open Cart" finished-at="2022-06-17T14:21:10 IST" duration-ms="12029">
    <groups>
    </groups>
    <test started-at="2022-06-17T14:20:58 IST" name="Login Test" finished-at="2022-06-17T14:21:03 IST" duration-ms="4620">
      <class name="testcases.LoginTest">
        <test-method signature="loginTest()[pri:1, instance:testcases.LoginTest@10d307f1]" started-at="2022-06-17T14:20:58 IST" name="loginTest" finished-at="2022-06-17T14:21:02 IST" duration-ms="3711" status="PASS">
          <reporter-output>
          </reporter-output>
        </test-method> <!-- loginTest -->
        <test-method signature="navigatingHomePage()[pri:2, instance:testcases.LoginTest@10d307f1]" started-at="2022-06-17T14:21:02 IST" name="navigatingHomePage" finished-at="2022-06-17T14:21:03 IST" duration-ms="662" status="PASS">
          <reporter-output>
          </reporter-output>
        </test-method> <!-- navigatingHomePage -->
      </class> <!-- testcases.LoginTest -->
    </test> <!-- Login Test -->
    <test started-at="2022-06-17T14:21:03 IST" name="Adding Product to the Wishlist" finished-at="2022-06-17T14:21:10 IST" duration-ms="7203">
      <class name="testcases.AddingWishlistTest">
        <test-method is-config="true" signature="browserLauncher()[pri:0, instance:testcases.AddingWishlistTest@2fb3536e]" started-at="2022-06-17T14:20:41 IST" name="browserLauncher" finished-at="2022-06-17T14:20:58 IST" duration-ms="17218" status="PASS">
          <reporter-output>
          </reporter-output>
        </test-method> <!-- browserLauncher -->
        <test-method signature="wishlistByCategories()[pri:0, instance:testcases.AddingWishlistTest@2fb3536e]" started-at="2022-06-17T14:21:03 IST" name="wishlistByCategories" finished-at="2022-06-17T14:21:10 IST" duration-ms="7188" status="PASS">
          <reporter-output>
          </reporter-output>
        </test-method> <!-- wishlistByCategories -->
        <test-method is-config="true" signature="tearDown()[pri:0, instance:testcases.AddingWishlistTest@2fb3536e]" started-at="2022-06-17T14:21:10 IST" name="tearDown" finished-at="2022-06-17T14:21:10 IST" duration-ms="1" status="PASS">
          <reporter-output>
          </reporter-output>
        </test-method> <!-- tearDown -->
      </class> <!-- testcases.AddingWishlistTest -->
    </test> <!-- Adding Product to the Wishlist -->
  </suite> <!-- Open Cart -->
</testng-results>
