<?xml version="1.0" encoding="UTF-8"?>
<testng-results ignored="0" total="2" passed="2" failed="0" skipped="0">
  <reporter-output>
  </reporter-output>
  <suite started-at="2022-06-16T19:44:57 IST" name="Open Cart" finished-at="2022-06-16T19:45:00 IST" duration-ms="3552">
    <groups>
    </groups>
    <test started-at="2022-06-16T19:44:57 IST" name="Login Test" finished-at="2022-06-16T19:45:00 IST" duration-ms="3552">
      <class name="testcases.LoginTest">
        <test-method is-config="true" signature="browserLauncher()[pri:0, instance:testcases.LoginTest@10d307f1]" started-at="2022-06-16T19:44:40 IST" name="browserLauncher" finished-at="2022-06-16T19:44:57 IST" duration-ms="16399" status="PASS">
          <reporter-output>
          </reporter-output>
        </test-method> <!-- browserLauncher -->
        <test-method signature="loginTest()[pri:1, instance:testcases.LoginTest@10d307f1]" started-at="2022-06-16T19:44:57 IST" name="loginTest" finished-at="2022-06-16T19:44:59 IST" duration-ms="2297" status="PASS">
          <reporter-output>
          </reporter-output>
        </test-method> <!-- loginTest -->
        <test-method signature="navigatingHomePage()[pri:2, instance:testcases.LoginTest@10d307f1]" started-at="2022-06-16T19:44:59 IST" name="navigatingHomePage" finished-at="2022-06-16T19:45:00 IST" duration-ms="1146" status="PASS">
          <reporter-output>
          </reporter-output>
        </test-method> <!-- navigatingHomePage -->
        <test-method is-config="true" signature="tearDown()[pri:0, instance:testcases.LoginTest@10d307f1]" started-at="2022-06-16T19:45:00 IST" name="tearDown" finished-at="2022-06-16T19:45:00 IST" duration-ms="1" status="PASS">
          <reporter-output>
          </reporter-output>
        </test-method> <!-- tearDown -->
      </class> <!-- testcases.LoginTest -->
    </test> <!-- Login Test -->
  </suite> <!-- Open Cart -->
</testng-results>
